# JRE version: OpenJDK Runtime Environment Zulu17.44+53-CA (17.0.8.1+1) (build 17.0.8.1+1-LTS)
# Java VM: OpenJDK 64-Bit Server VM Zulu17.44+53-CA (17.0.8.1+1-LTS, mixed mode, emulated-client, sharing, tiered, compressed oops, compressed class ptrs, g1 gc, windows-amd64)
GC Precious Log:
 CPUs: 4 total, 4 available
 Memory: 3875M
 Large Page Support: Disabled
 NUMA Support: Disabled
 Compressed Oops: Enabled (32-bit)
 Heap Region Size: 1M
 Heap Min Capacity: 8M
 Heap Initial Capacity: 62M
 Heap Max Capacity: 970M
 Pre-touch: Disabled
 Parallel Workers: 4
 Concurrent Workers: 1
 Concurrent Refinement Workers: 4
 Periodic GC: Disabled
Heap:
 garbage-first heap   total 55296K, used 31310K [0x00000000c3600000, 0x0000000100000000)
  region size 1024K, 12 young (12288K), 3 survivors (3072K)
 Metaspace       used 52130K, committed 52608K, reserved 1114112K
  class space    used 7483K, committed 7744K, reserved 1048576K
GC Heap History (20 events):
Event: 2.780 GC heap before
{Heap before GC invocations=3 (full 0):
 garbage-first heap   total 63488K, used 37365K [0x00000000c3600000, 0x0000000100000000)
  region size 1024K, 32 young (32768K), 3 survivors (3072K)
 Metaspace       used 16066K, committed 16320K, reserved 1114112K
  class space    used 2156K, committed 2304K, reserved 1048576K
}
Event: 2.789 GC heap after
{Heap after GC invocations=4 (full 0):
 garbage-first heap   total 63488K, used 11673K [0x00000000c3600000, 0x0000000100000000)
  region size 1024K, 4 young (4096K), 4 survivors (4096K)
 Metaspace       used 16066K, committed 16320K, reserved 1114112K
  class space    used 2156K, committed 2304K, reserved 1048576K
}
Event: 4.239 GC heap before
{Heap before GC invocations=4 (full 0):
 garbage-first heap   total 63488K, used 42393K [0x00000000c3600000, 0x0000000100000000)
  region size 1024K, 34 young (34816K), 4 survivors (4096K)
 Metaspace       used 19829K, committed 20160K, reserved 1114112K
  class space    used 2735K, committed 2880K, reserved 1048576K
}
Event: 4.253 GC heap after
{Heap after GC invocations=5 (full 0):
 garbage-first heap   total 63488K, used 13958K [0x00000000c3600000, 0x0000000100000000)
  region size 1024K, 3 young (3072K), 3 survivors (3072K)
 Metaspace       used 19829K, committed 20160K, reserved 1114112K
  class space    used 2735K, committed 2880K, reserved 1048576K
}
Event: 4.835 GC heap before
{Heap before GC invocations=5 (full 0):
 garbage-first heap   total 63488K, used 22150K [0x00000000c3600000, 0x0000000100000000)
  region size 1024K, 12 young (12288K), 3 survivors (3072K)
 Metaspace       used 21158K, committed 21504K, reserved 1114112K
  class space    used 2943K, committed 3072K, reserved 1048576K
}
Event: 4.844 GC heap after
{Heap after GC invocations=6 (full 0):
 garbage-first heap   total 63488K, used 14530K [0x00000000c3600000, 0x0000000100000000)
  region size 1024K, 4 young (4096K), 4 survivors (4096K)
 Metaspace       used 21158K, committed 21504K, reserved 1114112K
  class space    used 2943K, committed 3072K, reserved 1048576K
}
Event: 6.095 GC heap before
{Heap before GC invocations=7 (full 0):
 garbage-first heap   total 55296K, used 43202K [0x00000000c3600000, 0x0000000100000000)
  region size 1024K, 32 young (32768K), 4 survivors (4096K)
 Metaspace       used 26068K, committed 26432K, reserved 1114112K
  class space    used 3658K, committed 3840K, reserved 1048576K
}
Event: 6.102 GC heap after
{Heap after GC invocations=8 (full 0):
 garbage-first heap   total 55296K, used 16981K [0x00000000c3600000, 0x0000000100000000)
  region size 1024K, 4 young (4096K), 4 survivors (4096K)
 Metaspace       used 26068K, committed 26432K, reserved 1114112K
  class space    used 3658K, committed 3840K, reserved 1048576K
}
Event: 6.972 GC heap before
{Heap before GC invocations=8 (full 0):
 garbage-first heap   total 55296K, used 39509K [0x00000000c3600000, 0x0000000100000000)
  region size 1024K, 26 young (26624K), 4 survivors (4096K)
 Metaspace       used 30976K, committed 31424K, reserved 1114112K
  class space    used 4370K, committed 4608K, reserved 1048576K
}
Event: 6.978 GC heap after
{Heap after GC invocations=9 (full 0):
 garbage-first heap   total 55296K, used 17762K [0x00000000c3600000, 0x0000000100000000)
  region size 1024K, 2 young (2048K), 2 survivors (2048K)
 Metaspace       used 30976K, committed 31424K, reserved 1114112K
  class space    used 4370K, committed 4608K, reserved 1048576K
}
Event: 8.192 GC heap before
{Heap before GC invocations=9 (full 0):
 garbage-first heap   total 55296K, used 35170K [0x00000000c3600000, 0x0000000100000000)
  region size 1024K, 20 young (20480K), 2 survivors (2048K)
 Metaspace       used 35709K, committed 36096K, reserved 1114112K
  class space    used 5025K, committed 5184K, reserved 1048576K
}
Event: 8.196 GC heap after
{Heap after GC invocations=10 (full 0):
 garbage-first heap   total 55296K, used 18597K [0x00000000c3600000, 0x0000000100000000)
  region size 1024K, 2 young (2048K), 2 survivors (2048K)
 Metaspace       used 35709K, committed 36096K, reserved 1114112K
  class space    used 5025K, committed 5184K, reserved 1048576K
}
Event: 9.227 GC heap before
{Heap before GC invocations=11 (full 0):
 garbage-first heap   total 55296K, used 42149K [0x00000000c3600000, 0x0000000100000000)
  region size 1024K, 25 young (25600K), 2 survivors (2048K)
 Metaspace       used 40193K, committed 40640K, reserved 1114112K
  class space    used 5605K, committed 5824K, reserved 1048576K
}
Event: 9.233 GC heap after
{Heap after GC invocations=12 (full 0):
 garbage-first heap   total 55296K, used 19893K [0x00000000c3600000, 0x0000000100000000)
  region size 1024K, 4 young (4096K), 4 survivors (4096K)
 Metaspace       used 40193K, committed 40640K, reserved 1114112K
  class space    used 5605K, committed 5824K, reserved 1048576K
}
Event: 10.402 GC heap before
{Heap before GC invocations=12 (full 0):
 garbage-first heap   total 55296K, used 41397K [0x00000000c3600000, 0x0000000100000000)
  region size 1024K, 26 young (26624K), 4 survivors (4096K)
 Metaspace       used 45766K, committed 46208K, reserved 1114112K
  class space    used 6591K, committed 6848K, reserved 1048576K
}
Event: 10.409 GC heap after
{Heap after GC invocations=13 (full 0):
 garbage-first heap   total 55296K, used 20715K [0x00000000c3600000, 0x0000000100000000)
  region size 1024K, 3 young (3072K), 3 survivors (3072K)
 Metaspace       used 45766K, committed 46208K, reserved 1114112K
  class space    used 6591K, committed 6848K, reserved 1048576K
}
Event: 13.288 GC heap before
{Heap before GC invocations=13 (full 0):
 garbage-first heap   total 55296K, used 42219K [0x00000000c3600000, 0x0000000100000000)
  region size 1024K, 24 young (24576K), 3 survivors (3072K)
 Metaspace       used 49774K, committed 50304K, reserved 1114112K
  class space    used 7160K, committed 7424K, reserved 1048576K
}
Event: 13.292 GC heap after
{Heap after GC invocations=14 (full 0):
 garbage-first heap   total 55296K, used 21866K [0x00000000c3600000, 0x0000000100000000)
  region size 1024K, 2 young (2048K), 2 survivors (2048K)
 Metaspace       used 49774K, committed 50304K, reserved 1114112K
  class space    used 7160K, committed 7424K, reserved 1048576K
}
Event: 15.622 GC heap before
{Heap before GC invocations=14 (full 0):
 garbage-first heap   total 55296K, used 44394K [0x00000000c3600000, 0x0000000100000000)
  region size 1024K, 24 young (24576K), 2 survivors (2048K)
 Metaspace       used 51941K, committed 52416K, reserved 1114112K
  class space    used 7457K, committed 7680K, reserved 1048576K
}
Event: 15.627 GC heap after
{Heap after GC invocations=15 (full 0):
 garbage-first heap   total 55296K, used 23118K [0x00000000c3600000, 0x0000000100000000)
  region size 1024K, 3 young (3072K), 3 survivors (3072K)
 Metaspace       used 51941K, committed 52416K, reserved 1114112K
  class space    used 7457K, committed 7680K, reserved 1048576K
}

